<?xml version="1.0" encoding="UTF-8"?>
<!-- Generated by org.testng.reporters.JUnitXMLReporter -->
<testsuite ignored="0" hostname="DESKTOP-DIHH1GD" failures="1" tests="2" name="Launching Website In Firefox" time="37.128" errors="0" timestamp="2024-03-08T04:04:01 IST">
  <testcase classname="XYZBank.TransactionsPageValidationTest" name="transcationsPageValidation" time="4.824">
    <failure type="java.lang.AssertionError" message="Verify Redirection To Welcome Page  expected [vtug] but found [Harry Potter]">
      <![CDATA[java.lang.AssertionError: Verify Redirection To Welcome Page  expected [vtug] but found [Harry Potter]
at XYZBank.TransactionsPageValidationTest.transcationsPageValidation(TransactionsPageValidationTest.java:57)
at java.base/java.util.ArrayList.forEach(ArrayList.java:1511)
... Removed 32 stack frames]]>
    </failure>
  </testcase> <!-- transcationsPageValidation -->
  <testcase classname="XYZBank.NoAccountsValidationTest" name="noAccountsValidation" time="12.097"/>
</testsuite> <!-- Launching Website In Firefox -->
