<?xml version="1.0" encoding="UTF-8"?>
<!-- Generated by org.testng.reporters.JUnitXMLReporter -->
<testsuite ignored="0" hostname="DESKTOP-DIHH1GD" failures="0" tests="10" name="Launching Website" time="192.697" errors="0" timestamp="2024-03-07T23:57:51 IST">
  <testcase classname="XYZBank.HomePageValidationTest" name="homePageValidation" time="3.675"/>
  <testcase classname="XYZBank.CustomerLoginValidationTest" name="customerLoginValidation" time="4.515"/>
  <testcase classname="XYZBank.BankManagerLandingPageValidationTest" name="bankManagerLandingPageValidation" time="2.032"/>
  <testcase classname="XYZBank.CustomerDepositValidationTest" name="customerDepositValidation" time="7.347"/>
  <testcase classname="XYZBank.CustomerWithdrawalValidationTest" name="customerWithdrawalValidation" time="9.293"/>
  <testcase classname="XYZBank.AddCustomerPageValidationTest" name="homePageValidation" time="6.663"/>
  <testcase classname="XYZBank.CustomersPageValidationTest" name="customersPageValidation" time="10.604"/>
  <testcase classname="XYZBank.OpenAccountPageValidationTest" name="openAccountPageValidation" time="4.188"/>
  <testcase classname="XYZBank.TransactionsPageValidationTest" name="transcationsPageValidation" time="16.101"/>
  <testcase classname="XYZBank.NoAccountsValidationTest" name="noAccountsValidation" time="11.111"/>
</testsuite> <!-- Launching Website -->
