<?xml version="1.0" encoding="UTF-8"?>
<!-- Generated by org.testng.reporters.JUnitXMLReporter -->
<testsuite ignored="0" hostname="DESKTOP-DIHH1GD" failures="0" tests="10" name="Launching Website" time="154.233" errors="0" timestamp="2024-03-07T19:42:39 IST">
  <testcase classname="XYZBank.HomePageValidationTest" name="homePageValidation" time="1.542"/>
  <testcase classname="XYZBank.CustomerLoginValidationTest" name="customerLoginValidation" time="3.628"/>
  <testcase classname="XYZBank.BankManagerLandingPageValidationTest" name="bankManagerLandingPageValidation" time="1.287"/>
  <testcase classname="XYZBank.CustomerDepositValidationTest" name="customerDepositValidation" time="6.349"/>
  <testcase classname="XYZBank.CustomerWithdrawalValidationTest" name="customerWithdrawalValidation" time="8.98"/>
  <testcase classname="XYZBank.AddCustomerPageValidationTest" name="homePageValidation" time="4.299"/>
  <testcase classname="XYZBank.CustomersPageValidationTest" name="customersPageValidation" time="10.984"/>
  <testcase classname="XYZBank.OpenAccountPageValidationTest" name="openAccountPageValidation" time="3.126"/>
  <testcase classname="XYZBank.TransactionsPageValidationTest" name="transcationsPageValidation" time="17.743"/>
  <testcase classname="XYZBank.NoAccountsValidationTest" name="noAccountsValidation" time="12.004"/>
</testsuite> <!-- Launching Website -->
